  Time.c
D:\korea_IT\c2024\Function\Function\Time.c(22,12): warning C4477: 'printf' : 서식 문자열 '%ld'에 'long' 형식의 인수가 필요하지만 variadic 인수 1의 형식이 'time_t'입니다.
      D:\korea_IT\c2024\Function\Function\Time.c(22,12):
      서식 문자열에서 '%lld'을(를) 사용하는 것이 좋습니다.
      D:\korea_IT\c2024\Function\Function\Time.c(22,12):
      서식 문자열에서 '%Id'을(를) 사용하는 것이 좋습니다.
      D:\korea_IT\c2024\Function\Function\Time.c(22,12):
      서식 문자열에서 '%I64d'을(를) 사용하는 것이 좋습니다.
  
D:\korea_IT\c2024\Function\Function\Time.c(32,12): warning C4477: 'printf' : 서식 문자열 '%ld'에 'long' 형식의 인수가 필요하지만 variadic 인수 1의 형식이 'time_t'입니다.
      D:\korea_IT\c2024\Function\Function\Time.c(32,12):
      서식 문자열에서 '%lld'을(를) 사용하는 것이 좋습니다.
      D:\korea_IT\c2024\Function\Function\Time.c(32,12):
      서식 문자열에서 '%Id'을(를) 사용하는 것이 좋습니다.
      D:\korea_IT\c2024\Function\Function\Time.c(32,12):
      서식 문자열에서 '%I64d'을(를) 사용하는 것이 좋습니다.
  
D:\korea_IT\c2024\Function\Function\Time.c(34,12): warning C4477: 'printf' : 서식 문자열 '%ld'에 'long' 형식의 인수가 필요하지만 variadic 인수 1의 형식이 'time_t'입니다.
      D:\korea_IT\c2024\Function\Function\Time.c(34,12):
      서식 문자열에서 '%lld'을(를) 사용하는 것이 좋습니다.
      D:\korea_IT\c2024\Function\Function\Time.c(34,12):
      서식 문자열에서 '%Id'을(를) 사용하는 것이 좋습니다.
      D:\korea_IT\c2024\Function\Function\Time.c(34,12):
      서식 문자열에서 '%I64d'을(를) 사용하는 것이 좋습니다.
  
D:\korea_IT\c2024\Function\Function\Time.c(9,16): warning C4244: '초기화 중': 'time_t'에서 'long'(으)로 변환하면서 데이터가 손실될 수 있습니다.
  TypingGame.c
  코드를 생성하고 있습니다...
  Function.vcxproj -> D:\korea_IT\c2024\Function\x64\Debug\Function.exe
